f:\my field\learn_pathes\coding\courses\route\conslole learn\bank_system\source\debug\vc142.pdb
f:\my field\learn_pathes\coding\courses\route\conslole learn\bank_system\source\debug\vc142.idb
f:\my field\learn_pathes\coding\courses\route\conslole learn\bank_system\source\debug\validation.obj
f:\my field\learn_pathes\coding\courses\route\conslole learn\bank_system\source\debug\source.obj
f:\my field\learn_pathes\coding\courses\route\conslole learn\bank_system\source\debug\client.obj
f:\my field\learn_pathes\coding\courses\route\conslole learn\bank_system\source\debug\person.obj
f:\my field\learn_pathes\coding\courses\route\conslole learn\bank_system\source\debug\employee.obj
f:\my field\learn_pathes\coding\courses\route\conslole learn\bank_system\source\debug\datasource.obj
f:\my field\learn_pathes\coding\courses\route\conslole learn\bank_system\source\debug\currency.obj
f:\my field\learn_pathes\coding\courses\route\conslole learn\bank_system\source\debug\admin.obj
f:\my field\learn_pathes\coding\courses\route\conslole learn\bank_system\source\debug\filemanager.obj
f:\my field\learn_pathes\coding\courses\route\conslole learn\bank_system\source\debug\source.ilk
f:\my field\learn_pathes\coding\courses\route\conslole learn\bank_system\source\debug\source.pdb
f:\my field\learn_pathes\coding\courses\route\conslole learn\bank_system\source\debug\source.exe
f:\my field\learn_pathes\coding\courses\route\conslole learn\bank_system\source\debug\source.tlog\cl.command.1.tlog
f:\my field\learn_pathes\coding\courses\route\conslole learn\bank_system\source\debug\source.tlog\cl.read.1.tlog
f:\my field\learn_pathes\coding\courses\route\conslole learn\bank_system\source\debug\source.tlog\cl.write.1.tlog
f:\my field\learn_pathes\coding\courses\route\conslole learn\bank_system\source\debug\source.tlog\link.command.1.tlog
f:\my field\learn_pathes\coding\courses\route\conslole learn\bank_system\source\debug\source.tlog\link.read.1.tlog
f:\my field\learn_pathes\coding\courses\route\conslole learn\bank_system\source\debug\source.tlog\link.write.1.tlog
